<?xml version="1.0" encoding="UTF-8"?>
<testng-results ignored="0" total="1" passed="1" failed="0" skipped="0">
  <reporter-output>
  </reporter-output>
  <suite started-at="2023-10-12T18:52:55 EDT" name="Default suite" finished-at="2023-10-12T18:53:59 EDT" duration-ms="64634">
    <groups>
    </groups>
    <test started-at="2023-10-12T18:52:55 EDT" name="Default test" finished-at="2023-10-12T18:53:59 EDT" duration-ms="64634">
      <class name="com.sai.selAssmt1.HandlingWebTables">
        <test-method is-config="true" signature="setUp()[pri:0, instance:com.sai.selAssmt1.HandlingWebTables@7db12bb6]" started-at="2023-10-12T18:52:55 EDT" name="setUp" finished-at="2023-10-12T18:53:58 EDT" duration-ms="63805" status="PASS">
          <reporter-output>
          </reporter-output>
        </test-method> <!-- setUp -->
        <test-method signature="testingWebTable()[pri:0, instance:com.sai.selAssmt1.HandlingWebTables@7db12bb6]" started-at="2023-10-12T18:53:58 EDT" name="testingWebTable" finished-at="2023-10-12T18:53:59 EDT" duration-ms="737" status="PASS">
          <reporter-output>
          </reporter-output>
        </test-method> <!-- testingWebTable -->
      </class> <!-- com.sai.selAssmt1.HandlingWebTables -->
    </test> <!-- Default test -->
  </suite> <!-- Default suite -->
</testng-results>
